<?xml version="1.0" encoding="UTF-8"?>
<testsuite xmlns:xsi="http://www.w3.org/2001/XMLSchema-instance" xsi:noNamespaceSchemaLocation="https://maven.apache.org/surefire/maven-surefire-plugin/xsd/surefire-test-report.xsd" version="3.0.2" name="com.example.spring_demo.DemoApplicationTests" time="5.533" tests="1" errors="0" skipped="0" failures="0">
  <properties>
[...]
</properties>
  <testcase name="contextLoads" classname="com.example.spring_demo.DemoApplicationTests" time="1.096">
    <system-out><![CDATA[[2024-12-19T15:04:09Z] [org.springframework.test.context.support.AnnotationConfigContextLoaderUtils] [main] [83] [INFO ] Could not detect default configuration classes for test class [com.example.spring_demo.DemoApplicationTests]: DemoApplicationTests does not declare any static, non-private, non-final, nested classes annotated with @Configuration.
[2024-12-19T15:04:09Z] [org.springframework.boot.test.context.SpringBootTestContextBootstrapper] [main] [234] [INFO ] Found @SpringBootConfiguration com.example.spring_demo.DemoApplication for test class com.example.spring_demo.DemoApplicationTests

  .   ____          _            __ _ _
 /\\ / ___'_ __ _ _(_)_ __  __ _ \ \ \ \
( ( )\___ | '_ | '_| | '_ \/ _` | \ \ \ \
 \\/  ___)| |_)| | | | | || (_| |  ) ) ) )
  '  |____| .__|_| |_|_| |_\__, | / / / /
 =========|_|==============|___/=/_/_/_/

 :: Spring Boot ::                (v3.4.0)

[2024-12-19T15:04:10Z] [org.springframework.boot.StartupInfoLogger] [main] [53] [INFO ] Starting DemoApplicationTests using Java 17.0.1 with PID 98519 (started by oem in /home/oem/Project/spring-demo)
[2024-12-19T15:04:10Z] [org.springframework.boot.SpringApplication] [main] [652] [INFO ] No active profile set, falling back to 1 default profile: "default"
[2024-12-19T15:04:12Z] [org.springframework.boot.autoconfigure.web.servlet.WelcomePageHandlerMapping] [main] [59] [INFO ] Adding welcome page template: index
[2024-12-19T15:04:13Z] [org.springframework.boot.actuate.endpoint.web.EndpointLinksResolver] [main] [60] [INFO ] Exposing 15 endpoints beneath base path '/actuator'
[2024-12-19T15:04:13Z] [org.springframework.boot.StartupInfoLogger] [main] [59] [INFO ] Started DemoApplicationTests in 3.446 seconds (process running for 5.275)
Hello World from Application Runner
]]></system-out>
  </testcase>
</testsuite>